13 [140348363954048] INFO perfrun.launcher <> - Launcher main begin
27 [140348363954048] INFO perfrun.launcher <> - MessageCatalogInit finished
27 [140348363954048] INFO perfrun.launcher <> - Launcher instance created
27 [140348363954048] INFO perfrun.launcher <> - argc = 7; cmdline = /opt/intel/oneapi/vtune/2021.7.1/bin64/amplxe-runss --ui-output-format xml --ui-output-fd 10 --option-file /home/jorge/Dropbox/DOC/PDDSparse/cross_vtune.jmoron-ZenBook/config/runss.options 
77 [140348363954048] INFO perfrun.launcher <> - create msngr2::ICliToolContext
78 [140348363954048] INFO perfrun.launcher <> - create file finder object
78 [140348363954048] INFO perfrun.launcher <> - create a result directory: pattern = /home/jorge/Dropbox/DOC/PDDSparse/cross_vtune.jmoron-ZenBook pid = 4294967295
80 [140348363954048] INFO perfrun.sdk <> - checked that the directory /home/jorge/Dropbox/DOC/PDDSparse/cross_vtune.jmoron-ZenBook is a local directory
80 [140348363954048] INFO perfrun.sdk <> - the directory /home/jorge/Dropbox/DOC/PDDSparse/cross_vtune.jmoron-ZenBook is a local directory with FS type ID 61267
80 [140348363954048] INFO perfrun.launcher <> - create data directory = /home/jorge/Dropbox/DOC/PDDSparse/cross_vtune.jmoron-ZenBook/data.0
80 [140348363954048] INFO perfrun.launcher <> - Creating the master collection flag
81 [140348363954048] INFO perfrun.launcher <> - Done creating the master collection flag
84 [140348354209536] INFO perfrun.launcher <> - plugin [remoteplug] was disabled because it doesn't support the given collection type.
85 [140348354209536] INFO perfrun.sdk <> - Allocating TMU :/home/jorge/Dropbox/DOC/PDDSparse/cross_vtune.jmoron-ZenBook/data.0/systemcollector-119000-jmoron-ZenBook.sc
85 [140348354209536] INFO perfrun.system <> - Tpss based collection
85 [140348354209536] INFO perfrun.launcher <> - plugin [ptracecollector] was disabled because it doesn't support the given collection type.
85 [140348354209536] INFO perfrun.launcher <> - plugin [gpu] was disabled because it doesn't support the given collection type.
85 [140348354209536] INFO perfrun.launcher <> - plugin [] was disabled because it doesn't support the given collection type.
85 [140348354209536] INFO perfrun.launcher <> - plugin [] was disabled because it doesn't support the given collection type.
85 [140348354209536] INFO perfrun.launcher <> - plugin [] was disabled because it doesn't support the given collection type.
85 [140348354209536] INFO perfrun.mrte <> - system-wide mode is 0
85 [140348354209536] INFO perfrun.mrte <> - Getting  mrte profiling environment ...
113 [140348354209536] INFO perfrun.mrte <> - INTEL_MRTE_DATA_DIR=/home/jorge/Dropbox/DOC/PDDSparse/cross_vtune.jmoron-ZenBook/data.0
113 [140348354209536] INFO perfrun.mrte <> - INTEL_MRTE_HOST_NAME=jmoron-ZenBook
113 [140348354209536] INFO perfrun.mrte <> - JAVA_TOOL_OPTIONS=-agentlib:amplxe_tpssmrte_javaprof_1.0 -Dsun.boot.library.path=/opt/intel/oneapi/vtune/2021.7.1/lib32/runtime:/opt/intel/oneapi/vtune/2021.7.1/lib64/runtime
113 [140348354209536] INFO perfrun.mrte <> - Data directory: /home/jorge/Dropbox/DOC/PDDSparse/cross_vtune.jmoron-ZenBook/data.0
113 [140348354209536] INFO perfrun.mrte <> - Mrte plugin is initialized
114 [140348354209536] INFO perfrun.launcher <> - plugin [emon] was disabled because it doesn't support the given collection type.
114 [140348354209536] INFO perfrun.launcher <> - plugin [cuscol] was disabled because it doesn't support the given collection type.
114 [140348354209536] INFO perfrun.launcher <> - plugin [stdsrc] was disabled because it doesn't support the given collection type.
114 [140348354209536] INFO perfrun.launcher <> - plugin [sep] was disabled because it doesn't support the given collection type.
114 [140348354209536] INFO perfrun.launcher <> - plugin [vtsspp] was disabled because it doesn't support the given collection type.
114 [140348354209536] INFO perfrun.launcher <> - plugin [perf] was disabled because it doesn't support the given collection type.
114 [140348354209536] INFO perfrun.launcher <> - plugin [aoclprofile] was disabled because it doesn't support the given collection type.
114 [140348354209536] INFO perfrun.tpss <> - initialize tpss controller
114 [140348354209536] INFO perfrun.tpss <> - configure collection mode: value = cpu:counters:nostack
114 [140348354209536] INFO perfrun.tpss <> - configure collection mode: value = cpu:nostack
114 [140348354209536] INFO perfrun.tpss <> - default obj-size-min=1024
114 [140348354209536] INFO perfrun.tpss <> - default hash-table-size=0
114 [140348354209536] INFO perfrun.launcher <> - plugin [exprof] was disabled because it doesn't support the given collection type.
114 [140348354209536] INFO perfrun.launcher <> - plugin [media] was disabled because it doesn't support the given collection type.
114 [140348354209536] INFO perfrun.launcher <> - plugin [] was disabled because it doesn't support the given collection type.
114 [140348354209536] INFO perfrun.launcher <> - plugin [] was disabled because it doesn't support the given collection type.
114 [140348354209536] INFO perfrun.launcher <> - plugin [parallelfs] was disabled because it doesn't support the given collection type.
114 [140348354209536] INFO perfrun.launcher <> - plugin [power] was disabled because it doesn't support the given collection type.
114 [140348354209536] INFO perfrun.launcher <> - plugin [hwloc] was disabled because it doesn't support the given collection type.
114 [140348354209536] INFO perfrun.launcher <> - plugin [ipmwatch] was disabled because it doesn't support the given collection type.
114 [140348354209536] INFO perfrun.launcher <> - plugin [os_counters] was disabled because it doesn't support the given collection type.
115 [140348363954048] INFO perfrun.launcher <> - set environment variable: LD_LIBRARY_PATH = /opt/intel/oneapi/vtune/2021.7.1/lib32/runtime:/opt/intel/oneapi/vtune/2021.7.1/lib64/runtime:/opt/intel/oneapi/vpl/2021.6.0/lib:/opt/intel/oneapi/tbb/2021.4.0/env/../lib/intel64/gcc4.8:/opt/intel/oneapi/mpi/2021.4.0//libfabric/lib:/opt/intel/oneapi/mpi/2021.4.0//lib/release:/opt/intel/oneapi/mpi/2021.4.0//lib:/opt/intel/oneapi/mkl/2021.4.0/lib/intel64:/opt/intel/oneapi/itac/2021.4.0/slib:/opt/intel/oneapi/ipp/2021.4.0/lib/intel64:/opt/intel/oneapi/ippcp/2021.4.0/lib/intel64:/opt/intel/oneapi/ipp/2021.4.0/lib/intel64:/opt/intel/oneapi/dnnl/2021.4.0/cpu_dpcpp_gpu_dpcpp/lib:/opt/intel/oneapi/debugger/10.2.4/gdb/intel64/lib:/opt/intel/oneapi/debugger/10.2.4/libipt/intel64/lib:/opt/intel/oneapi/debugger/10.2.4/dep/lib:/opt/intel/oneapi/dal/2021.4.0/lib/intel64:/opt/intel/oneapi/compiler/2021.4.0/linux/lib:/opt/intel/oneapi/compiler/2021.4.0/linux/lib/x64:/opt/intel/oneapi/compiler/2021.4.0/linux/lib/emu:/opt/intel/oneapi/compiler/2021.4.0/linux/lib/oclfpga/host/linux64/lib:/opt/intel/oneapi/compiler/2021.4.0/linux/lib/oclfpga/linux64/lib:/opt/intel/oneapi/compiler/2021.4.0/linux/compiler/lib/intel64_lin:/opt/intel/oneapi/ccl/2021.4.0/lib/cpu_gpu_dpcpp::/home/jorge/.openmpi/lib/
115 [140348363954048] INFO perfrun.launcher <> - set environment variable: INTEL_LIBITTNOTIFY32 = /opt/intel/oneapi/vtune/2021.7.1/lib32/runtime/libittnotify_collector.so
115 [140348363954048] INFO perfrun.launcher <> - set environment variable: INTEL_LIBITTNOTIFY64 = /opt/intel/oneapi/vtune/2021.7.1/lib64/runtime/libittnotify_collector.so
115 [140348363954048] INFO perfrun.launcher <> - set environment variable: INTEL_ITTNOTIFY_GROUPS = 
115 [140348363954048] INFO perfrun.launcher <> - set environment variable: INTEL_JIT_PROFILER32 = /opt/intel/oneapi/vtune/2021.7.1/lib32/runtime/libittnotify_collector.so
115 [140348363954048] INFO perfrun.launcher <> - set environment variable: INTEL_JIT_PROFILER64 = /opt/intel/oneapi/vtune/2021.7.1/lib64/runtime/libittnotify_collector.so
115 [140348363954048] INFO perfrun.launcher <> - set environment variable: VS_PROFILER = libittnotify_collector.so
115 [140348363954048] INFO perfrun.launcher <> - set environment variable: OMP_TOOL_LIBRARIES = /opt/intel/oneapi/vtune/2021.7.1/lib32/runtime/libittnotify_collector.so:/opt/intel/oneapi/vtune/2021.7.1/lib64/runtime/libittnotify_collector.so
115 [140348363954048] INFO perfrun.launcher <> - set environment variable: ENABLE_JITPROFILING = 1
115 [140348363954048] INFO perfrun.launcher <> - set environment variable: CL_CONFIG_USE_VTUNE = True
115 [140348363954048] INFO perfrun.launcher <> - set environment variable: LD_PRELOAD = libittnotify_collector.so:
115 [140348363954048] INFO perfrun.launcher <> - set environment variable: KMP_FORKJOIN_FRAMES = 0
115 [140348363954048] INFO perfrun.launcher <> - set environment variable: KMP_FORKJOIN_FRAMES_MODE = 0
115 [140348363954048] INFO perfrun.launcher <> - set environment variable: OMP_TOOL = disabled
115 [140348363954048] INFO perfrun.launcher <> - set environment variable: INTEL_MRTE_DATA_DIR = /home/jorge/Dropbox/DOC/PDDSparse/cross_vtune.jmoron-ZenBook/data.0
116 [140348363954048] INFO perfrun.launcher <> - set environment variable: INTEL_MRTE_HOST_NAME = jmoron-ZenBook
116 [140348363954048] INFO perfrun.launcher <> - set environment variable: JAVA_TOOL_OPTIONS = -agentlib:amplxe_tpssmrte_javaprof_1.0 -Dsun.boot.library.path=/opt/intel/oneapi/vtune/2021.7.1/lib32/runtime:/opt/intel/oneapi/vtune/2021.7.1/lib64/runtime
116 [140348363954048] INFO perfrun.launcher <> - RpcServer: run RPC server to handle requests
116 [140348363954048] INFO perfrun.launcher <> - Launcher: command line to start before modification = ./main_2
116 [140348363954048] INFO perfrun.launcher <> - Launcher: command line to start after modification = /opt/intel/oneapi/vtune/2021.7.1/bin64/pin -error_file /home/jorge/Dropbox/DOC/PDDSparse/cross_vtune.jmoron-ZenBook/data.0/pinerr.tpsslog -detach_reattach -follow_execv -tool_load_option deepbind -t64 /opt/intel/oneapi/vtune/2021.7.1/lib64/libtpsstool.so -t /opt/intel/oneapi/vtune/2021.7.1/lib32/libtpsstool.so -server_name tpss_ipc.119000 -prd_dir /opt/intel/oneapi/vtune/2021.7.1 -- ./main_2
116 [140348363954048] INFO perfrun.launcher <> - ProcessCreator object was created
117 [140348363954048] INFO perfrun.launcher <> - Launcher: the process was started in suspend mode
120 [140348354209536] WARN perfrun.system <> - Could not do anything with /sys/kernel/debug/kvm: boost::filesystem::status: Permission denied: "/sys/kernel/debug/kvm", at file: vcs/perfrun1/plugins/system/src/trace_writer.cpp:797
120 [140348354209536] WARN perfrun.system <> - Folder "/var/run/libvirt/qemu/"doesn't exist, at file: vcs/perfrun1/plugins/system/src/trace_writer.cpp:810
122 [140348354209536] WARN perfrun.sdk <> - Failed to find xl binary on any of the system paths: /bin, /sbin, /usr/bin, /usr/sbin., at file: vcs/perfrun1/sdk/src/utils.cpp:197
122 [140348354209536] WARN perfrun.system <> - Could not start ContainerMapping collector, at file: vcs/perfrun1/plugins/system/src/controller.cpp:456
243 [140348354209536] INFO perfrun.vdso <> - Helper runtool '/opt/intel/oneapi/vtune/2021.7.1/bin32/amplxe-runss -dump-vdso -r /home/jorge/Dropbox/DOC/PDDSparse/cross_vtune.jmoron-ZenBook --tmp-dir /tmp/amplxe-tmp-jorge' returned 0
429 [140348354209536] INFO perfrun.vdso <> - Helper runtool '/opt/intel/oneapi/vtune/2021.7.1/bin64/amplxe-runss -dump-vdso -r /home/jorge/Dropbox/DOC/PDDSparse/cross_vtune.jmoron-ZenBook --tmp-dir /tmp/amplxe-tmp-jorge' returned 0
429 [140348354209536] INFO perfrun.itt <> - start itt controller for pid #119018
429 [140348354209536] INFO perfrun.tpss <> - start tpss controller for pid #119018
482 [140348363954048] INFO perfrun.launcher <> - Launcher: all plugins were started
482 [140348363954048] INFO perfrun.launcher <> - DirectoryMonitor object was created
482 [140348363954048] INFO perfrun.launcher <> - DirectoryMonitor: a callback was added
482 [140348363954048] INFO perfrun.launcher <> - DirectoryMonitor was started with pingTime = 1000
482 [140348363954048] INFO perfrun.launcher <> - DeadlineTimer is going to be constructed
482 [140348363954048] INFO perfrun.launcher <> - DeadlineTimer: a callback was added
490 [140348363954048] INFO perfrun.launcher <> - Launcher: resume the profiled application and  wait its termination or stop command
42073 [140348363954048] INFO perfrun.launcher <> - Launcher: the profiled application was terminated  with exit code = 0
42589 [140348354209536] INFO perfrun.itt <> - stop itt controller
42589 [140348354209536] INFO perfrun.itt <> - detach itt controller
42589 [140348354209536] INFO perfrun.tpss <> - stop tpss controller
42589 [140348354209536] INFO perfrun.sdk <> - De-allocating TMU: /home/jorge/Dropbox/DOC/PDDSparse/cross_vtune.jmoron-ZenBook/data.0/systemcollector-119000-jmoron-ZenBook.sc
42589 [140348354209536] INFO perfrun.system <> - closed the system trace file: /home/jorge/Dropbox/DOC/PDDSparse/cross_vtune.jmoron-ZenBook/data.0/systemcollector-119000-jmoron-ZenBook.sc
42589 [140348363954048] INFO perfrun.launcher <> - Launcher: all plugins were stopped.
42589 [140348363954048] INFO perfrun.launcher <> - DeadlineTimer is going to be destroyed
42589 [140348363954048] INFO perfrun.launcher <> - DeadlineTimer was destroyed
42589 [140348363954048] INFO perfrun.launcher <> - DirectoryMonitor object was destroyed
42589 [140348363954048] WARN perfrun.launcher <> - Stop command is ignored because it is received when collection is already stopped, at file: vcs/perfrun1/launcher/src/command_handler.cpp:212
42590 [140348363954048] INFO perfrun.launcher <> - Application exit code: 0
42590 [140348363954048] INFO perfrun.launcher <> - Exit code: 0
