16 [140426694231936] INFO perfrun.launcher <> - Launcher main begin
19 [140426694231936] INFO perfrun.launcher <> - MessageCatalogInit finished
19 [140426694231936] INFO perfrun.launcher <> - Launcher instance created
19 [140426694231936] INFO perfrun.launcher <> - argc = 7; cmdline = /opt/intel/oneapi/vtune/2021.7.1/bin64/amplxe-runss --ui-output-format xml --ui-output-fd 12 --option-file /home/jorge/Dropbox/DOC/PDDSparse/cross_vtune.jmoron-ZenBook/config/runss.options.3 
106 [140426694231936] INFO perfrun.launcher <> - create msngr2::ICliToolContext
107 [140426694231936] INFO perfrun.launcher <> - create file finder object
107 [140426694231936] INFO perfrun.launcher <> - create a result directory: pattern = /home/jorge/Dropbox/DOC/PDDSparse/cross_vtune.jmoron-ZenBook pid = 4294967295
109 [140426694231936] INFO perfrun.sdk <> - checked that the directory /home/jorge/Dropbox/DOC/PDDSparse/cross_vtune.jmoron-ZenBook is a local directory
109 [140426694231936] INFO perfrun.sdk <> - the directory /home/jorge/Dropbox/DOC/PDDSparse/cross_vtune.jmoron-ZenBook is a local directory with FS type ID 61267
110 [140426694231936] INFO perfrun.launcher <> - create data directory = /home/jorge/Dropbox/DOC/PDDSparse/cross_vtune.jmoron-ZenBook/data.3
110 [140426694231936] INFO perfrun.launcher <> - Creating the master collection flag
110 [140426694231936] INFO perfrun.launcher <> - Done creating the master collection flag
112 [140426684487424] INFO perfrun.launcher <> - plugin [remoteplug] was disabled because it doesn't support the given collection type.
112 [140426684487424] INFO perfrun.sdk <> - Allocating TMU :/home/jorge/Dropbox/DOC/PDDSparse/cross_vtune.jmoron-ZenBook/data.3/systemcollector-119078-jmoron-ZenBook.sc
112 [140426684487424] INFO perfrun.launcher <> - plugin [vdso] was disabled because it doesn't support the given collection type.
112 [140426684487424] INFO perfrun.launcher <> - plugin [ptracecollector] was disabled because it doesn't support the given collection type.
112 [140426684487424] INFO perfrun.launcher <> - plugin [gpu] was disabled because it doesn't support the given collection type.
112 [140426684487424] INFO perfrun.launcher <> - plugin [] was disabled because it doesn't support the given collection type.
112 [140426684487424] INFO perfrun.launcher <> - plugin [] was disabled because it doesn't support the given collection type.
112 [140426684487424] INFO perfrun.launcher <> - plugin [] was disabled because it doesn't support the given collection type.
112 [140426684487424] INFO perfrun.mrte <> - system-wide mode is 0
112 [140426684487424] INFO perfrun.mrte <> - Getting  mrte profiling environment ...
141 [140426684487424] INFO perfrun.mrte <> - INTEL_MRTE_DATA_DIR=/home/jorge/Dropbox/DOC/PDDSparse/cross_vtune.jmoron-ZenBook/data.3
141 [140426684487424] INFO perfrun.mrte <> - INTEL_MRTE_HOST_NAME=jmoron-ZenBook
141 [140426684487424] INFO perfrun.mrte <> - JAVA_TOOL_OPTIONS=-agentlib:amplxe_tpssmrte_javaprof_1.0 -Dsun.boot.library.path=/opt/intel/oneapi/vtune/2021.7.1/lib32/runtime:/opt/intel/oneapi/vtune/2021.7.1/lib64/runtime
141 [140426684487424] INFO perfrun.mrte <> - Data directory: /home/jorge/Dropbox/DOC/PDDSparse/cross_vtune.jmoron-ZenBook/data.3
141 [140426684487424] INFO perfrun.mrte <> - Mrte plugin is initialized
141 [140426684487424] INFO perfrun.launcher <> - plugin [emon] was disabled because it doesn't support the given collection type.
141 [140426684487424] INFO perfrun.launcher <> - plugin [cuscol] was disabled because it doesn't support the given collection type.
141 [140426684487424] INFO perfrun.launcher <> - plugin [stdsrc] was disabled because it doesn't support the given collection type.
141 [140426684487424] INFO perfrun.launcher <> - plugin [sep] was disabled because it doesn't support the given collection type.
141 [140426684487424] INFO perfrun.launcher <> - plugin [vtsspp] was disabled because it doesn't support the given collection type.
141 [140426684487424] INFO perfrun.launcher <> - plugin [perf] was disabled because it doesn't support the given collection type.
141 [140426684487424] INFO perfrun.launcher <> - plugin [aoclprofile] was disabled because it doesn't support the given collection type.
141 [140426684487424] INFO perfrun.tpss <> - initialize tpss controller
141 [140426684487424] INFO perfrun.tpss <> - configure collection mode: value = cpu:counters:nostack
141 [140426684487424] INFO perfrun.tpss <> - configure collection mode: value = cpu:nostack
141 [140426684487424] INFO perfrun.tpss <> - default obj-size-min=1024
141 [140426684487424] INFO perfrun.tpss <> - default hash-table-size=0
141 [140426684487424] INFO perfrun.launcher <> - plugin [exprof] was disabled because it doesn't support the given collection type.
141 [140426684487424] INFO perfrun.launcher <> - plugin [media] was disabled because it doesn't support the given collection type.
141 [140426684487424] INFO perfrun.launcher <> - plugin [] was disabled because it doesn't support the given collection type.
141 [140426684487424] INFO perfrun.launcher <> - plugin [] was disabled because it doesn't support the given collection type.
141 [140426684487424] INFO perfrun.launcher <> - plugin [parallelfs] was disabled because it doesn't support the given collection type.
141 [140426684487424] INFO perfrun.launcher <> - plugin [power] was disabled because it doesn't support the given collection type.
141 [140426684487424] INFO perfrun.launcher <> - plugin [hwloc] was disabled because it doesn't support the given collection type.
141 [140426684487424] INFO perfrun.launcher <> - plugin [ipmwatch] was disabled because it doesn't support the given collection type.
141 [140426684487424] INFO perfrun.launcher <> - plugin [os_counters] was disabled because it doesn't support the given collection type.
141 [140426694231936] INFO perfrun.launcher <> - set environment variable: LD_LIBRARY_PATH = /opt/intel/oneapi/vtune/2021.7.1/lib32/runtime:/opt/intel/oneapi/vtune/2021.7.1/lib64/runtime:/opt/intel/oneapi/vpl/2021.6.0/lib:/opt/intel/oneapi/tbb/2021.4.0/env/../lib/intel64/gcc4.8:/opt/intel/oneapi/mpi/2021.4.0//libfabric/lib:/opt/intel/oneapi/mpi/2021.4.0//lib/release:/opt/intel/oneapi/mpi/2021.4.0//lib:/opt/intel/oneapi/mkl/2021.4.0/lib/intel64:/opt/intel/oneapi/itac/2021.4.0/slib:/opt/intel/oneapi/ipp/2021.4.0/lib/intel64:/opt/intel/oneapi/ippcp/2021.4.0/lib/intel64:/opt/intel/oneapi/ipp/2021.4.0/lib/intel64:/opt/intel/oneapi/dnnl/2021.4.0/cpu_dpcpp_gpu_dpcpp/lib:/opt/intel/oneapi/debugger/10.2.4/gdb/intel64/lib:/opt/intel/oneapi/debugger/10.2.4/libipt/intel64/lib:/opt/intel/oneapi/debugger/10.2.4/dep/lib:/opt/intel/oneapi/dal/2021.4.0/lib/intel64:/opt/intel/oneapi/compiler/2021.4.0/linux/lib:/opt/intel/oneapi/compiler/2021.4.0/linux/lib/x64:/opt/intel/oneapi/compiler/2021.4.0/linux/lib/emu:/opt/intel/oneapi/compiler/2021.4.0/linux/lib/oclfpga/host/linux64/lib:/opt/intel/oneapi/compiler/2021.4.0/linux/lib/oclfpga/linux64/lib:/opt/intel/oneapi/compiler/2021.4.0/linux/compiler/lib/intel64_lin:/opt/intel/oneapi/ccl/2021.4.0/lib/cpu_gpu_dpcpp::/home/jorge/.openmpi/lib/
141 [140426694231936] INFO perfrun.launcher <> - set environment variable: INTEL_LIBITTNOTIFY32 = /opt/intel/oneapi/vtune/2021.7.1/lib32/runtime/libittnotify_collector.so
141 [140426694231936] INFO perfrun.launcher <> - set environment variable: INTEL_LIBITTNOTIFY64 = /opt/intel/oneapi/vtune/2021.7.1/lib64/runtime/libittnotify_collector.so
142 [140426694231936] INFO perfrun.launcher <> - set environment variable: INTEL_ITTNOTIFY_GROUPS = 
142 [140426694231936] INFO perfrun.launcher <> - set environment variable: INTEL_JIT_PROFILER32 = /opt/intel/oneapi/vtune/2021.7.1/lib32/runtime/libittnotify_collector.so
142 [140426694231936] INFO perfrun.launcher <> - set environment variable: INTEL_JIT_PROFILER64 = /opt/intel/oneapi/vtune/2021.7.1/lib64/runtime/libittnotify_collector.so
142 [140426694231936] INFO perfrun.launcher <> - set environment variable: VS_PROFILER = libittnotify_collector.so
142 [140426694231936] INFO perfrun.launcher <> - set environment variable: OMP_TOOL_LIBRARIES = /opt/intel/oneapi/vtune/2021.7.1/lib32/runtime/libittnotify_collector.so:/opt/intel/oneapi/vtune/2021.7.1/lib64/runtime/libittnotify_collector.so
142 [140426694231936] INFO perfrun.launcher <> - set environment variable: ENABLE_JITPROFILING = 1
142 [140426694231936] INFO perfrun.launcher <> - set environment variable: CL_CONFIG_USE_VTUNE = True
142 [140426694231936] INFO perfrun.launcher <> - set environment variable: LD_PRELOAD = libittnotify_collector.so:
142 [140426694231936] INFO perfrun.launcher <> - set environment variable: KMP_FORKJOIN_FRAMES = 0
142 [140426694231936] INFO perfrun.launcher <> - set environment variable: KMP_FORKJOIN_FRAMES_MODE = 0
142 [140426694231936] INFO perfrun.launcher <> - set environment variable: OMP_TOOL = disabled
142 [140426694231936] INFO perfrun.launcher <> - set environment variable: INTEL_MRTE_DATA_DIR = /home/jorge/Dropbox/DOC/PDDSparse/cross_vtune.jmoron-ZenBook/data.3
142 [140426694231936] INFO perfrun.launcher <> - set environment variable: INTEL_MRTE_HOST_NAME = jmoron-ZenBook
142 [140426694231936] INFO perfrun.launcher <> - set environment variable: JAVA_TOOL_OPTIONS = -agentlib:amplxe_tpssmrte_javaprof_1.0 -Dsun.boot.library.path=/opt/intel/oneapi/vtune/2021.7.1/lib32/runtime:/opt/intel/oneapi/vtune/2021.7.1/lib64/runtime
142 [140426694231936] INFO perfrun.launcher <> - RpcServer: run RPC server to handle requests
143 [140426694231936] INFO perfrun.launcher <> - Launcher: command line to start before modification = ./main_2
143 [140426694231936] INFO perfrun.launcher <> - Launcher: command line to start after modification = /opt/intel/oneapi/vtune/2021.7.1/bin64/pin -error_file /home/jorge/Dropbox/DOC/PDDSparse/cross_vtune.jmoron-ZenBook/data.3/pinerr.tpsslog -detach_reattach -follow_execv -tool_load_option deepbind -t64 /opt/intel/oneapi/vtune/2021.7.1/lib64/libtpsstool.so -t /opt/intel/oneapi/vtune/2021.7.1/lib32/libtpsstool.so -server_name tpss_ipc.119078 -prd_dir /opt/intel/oneapi/vtune/2021.7.1 -- ./main_2
143 [140426694231936] INFO perfrun.launcher <> - ProcessCreator object was created
144 [140426694231936] INFO perfrun.launcher <> - Launcher: the process was started in suspend mode
146 [140426684487424] WARN perfrun.system <> - Could not do anything with /sys/kernel/debug/kvm: boost::filesystem::status: Permission denied: "/sys/kernel/debug/kvm", at file: vcs/perfrun1/plugins/system/src/trace_writer.cpp:797
146 [140426684487424] WARN perfrun.system <> - Folder "/var/run/libvirt/qemu/"doesn't exist, at file: vcs/perfrun1/plugins/system/src/trace_writer.cpp:810
146 [140426684487424] INFO perfrun.itt <> - start itt controller for pid #119108
147 [140426684487424] INFO perfrun.tpss <> - start tpss controller for pid #119108
197 [140426694231936] INFO perfrun.launcher <> - Launcher: all plugins were started
197 [140426694231936] INFO perfrun.launcher <> - DirectoryMonitor object was created
197 [140426694231936] INFO perfrun.launcher <> - DirectoryMonitor: a callback was added
197 [140426694231936] INFO perfrun.launcher <> - DirectoryMonitor was started with pingTime = 1000
197 [140426694231936] INFO perfrun.launcher <> - DeadlineTimer is going to be constructed
197 [140426694231936] INFO perfrun.launcher <> - DeadlineTimer: a callback was added
206 [140426694231936] INFO perfrun.launcher <> - Launcher: resume the profiled application and  wait its termination or stop command
41574 [140426694231936] INFO perfrun.launcher <> - Launcher: the profiled application was terminated  with exit code = 0
41600 [140426684487424] INFO perfrun.itt <> - stop itt controller
41600 [140426684487424] INFO perfrun.itt <> - detach itt controller
41600 [140426684487424] INFO perfrun.tpss <> - stop tpss controller
41601 [140426684487424] INFO perfrun.sdk <> - De-allocating TMU: /home/jorge/Dropbox/DOC/PDDSparse/cross_vtune.jmoron-ZenBook/data.3/systemcollector-119078-jmoron-ZenBook.sc
41601 [140426684487424] INFO perfrun.system <> - closed the system trace file: /home/jorge/Dropbox/DOC/PDDSparse/cross_vtune.jmoron-ZenBook/data.3/systemcollector-119078-jmoron-ZenBook.sc
41601 [140426694231936] INFO perfrun.launcher <> - Launcher: all plugins were stopped.
41601 [140426694231936] INFO perfrun.launcher <> - DeadlineTimer is going to be destroyed
41601 [140426694231936] INFO perfrun.launcher <> - DeadlineTimer was destroyed
41601 [140426694231936] INFO perfrun.launcher <> - DirectoryMonitor object was destroyed
41601 [140426694231936] WARN perfrun.launcher <> - Stop command is ignored because it is received when collection is already stopped, at file: vcs/perfrun1/launcher/src/command_handler.cpp:212
41601 [140426694231936] INFO perfrun.launcher <> - Application exit code: 0
41601 [140426694231936] INFO perfrun.launcher <> - Exit code: 0
